<?xml version="1.0" encoding="UTF-8"?>
<!-- Generated by org.testng.reporters.JUnitXMLReporter -->
<testsuite hostname="Munna-ks-MacBook-Pro.local" ignored="2" name="Web-Automation" tests="1" failures="1" timestamp="2022-08-18T18:23:22 IST" time="88.876" errors="0">
  <testcase name="verifyFirstCallCompletion" time="78.173" classname="webqa.com.testCases.DashboardTest">
    <failure type="org.openqa.selenium.NoSuchElementException" message="no such element: Unable to locate element: {&amp;quot;method&amp;quot;:&amp;quot;xpath&amp;quot;,&amp;quot;selector&amp;quot;:&amp;quot;(//span[@aria-label=&amp;apos;edit&amp;apos;])[2]&amp;quot;}
  (Session info: chrome=104.0.5112.101)
For documentation on this error, please visit: https://selenium.dev/exceptions/#no_such_element
Build info: version: &amp;apos;4.1.4&amp;apos;, revision: &amp;apos;535d840ee2&amp;apos;
System info: host: &amp;apos;Munna-ks-MacBook-Pro.local&amp;apos;, ip: &amp;apos;2402:e280:2160:1f0:6cd2:e80f:7767:2060%en0&amp;apos;, os.name: &amp;apos;Mac OS X&amp;apos;, os.arch: &amp;apos;x86_64&amp;apos;, os.version: &amp;apos;10.16&amp;apos;, java.version: &amp;apos;1.8.0_301&amp;apos;
Driver info: org.openqa.selenium.chrome.ChromeDriver
Command: [420b4ccdc7e29b79aa7a429a856808b9, findElement {using=xpath, value=(//span[@aria-label=&amp;apos;edit&amp;apos;])[2]}]
Capabilities {acceptInsecureCerts: false, browserName: chrome, browserVersion: 104.0.5112.101, chrome: {chromedriverVersion: 104.0.5112.79 (3cf3e8c8a07d..., userDataDir: /var/folders/k3/3_wxsl_s7tv...}, goog:chromeOptions: {debuggerAddress: localhost:50717}, javascriptEnabled: true, networkConnectionEnabled: false, pageLoadStrategy: normal, platform: MAC, platformName: MAC, proxy: Proxy(), se:cdp: ws://localhost:50717/devtoo..., se:cdpVersion: 104.0.5112.101, setWindowRect: true, strictFileInteractability: false, timeouts: {implicit: 0, pageLoad: 300000, script: 30000}, unhandledPromptBehavior: dismiss and notify, webauthn:extension:credBlob: true, webauthn:extension:largeBlob: true, webauthn:virtualAuthenticators: true}
Session ID: 420b4ccdc7e29b79aa7a429a856808b9">
        <![CDATA[org.openqa.selenium.NoSuchElementException: no such element: Unable to locate element: {"method":"xpath","selector":"(//span[@aria-label='edit'])[2]"}
  (Session info: chrome=104.0.5112.101)
For documentation on this error, please visit: https://selenium.dev/exceptions/#no_such_element
Build info: version: '4.1.4', revision: '535d840ee2'
System info: host: 'Munna-ks-MacBook-Pro.local', ip: '2402:e280:2160:1f0:6cd2:e80f:7767:2060%en0', os.name: 'Mac OS X', os.arch: 'x86_64', os.version: '10.16', java.version: '1.8.0_301'
Driver info: org.openqa.selenium.chrome.ChromeDriver
Command: [420b4ccdc7e29b79aa7a429a856808b9, findElement {using=xpath, value=(//span[@aria-label='edit'])[2]}]
Capabilities {acceptInsecureCerts: false, browserName: chrome, browserVersion: 104.0.5112.101, chrome: {chromedriverVersion: 104.0.5112.79 (3cf3e8c8a07d..., userDataDir: /var/folders/k3/3_wxsl_s7tv...}, goog:chromeOptions: {debuggerAddress: localhost:50717}, javascriptEnabled: true, networkConnectionEnabled: false, pageLoadStrategy: normal, platform: MAC, platformName: MAC, proxy: Proxy(), se:cdp: ws://localhost:50717/devtoo..., se:cdpVersion: 104.0.5112.101, setWindowRect: true, strictFileInteractability: false, timeouts: {implicit: 0, pageLoad: 300000, script: 30000}, unhandledPromptBehavior: dismiss and notify, webauthn:extension:credBlob: true, webauthn:extension:largeBlob: true, webauthn:virtualAuthenticators: true}
Session ID: 420b4ccdc7e29b79aa7a429a856808b9
at org.openqa.selenium.remote.codec.w3c.W3CHttpResponseCodec.createException(W3CHttpResponseCodec.java:200)
at org.openqa.selenium.remote.codec.w3c.W3CHttpResponseCodec.decode(W3CHttpResponseCodec.java:133)
at org.openqa.selenium.remote.codec.w3c.W3CHttpResponseCodec.decode(W3CHttpResponseCodec.java:53)
at org.openqa.selenium.remote.HttpCommandExecutor.execute(HttpCommandExecutor.java:184)
at org.openqa.selenium.remote.service.DriverCommandExecutor.invokeExecute(DriverCommandExecutor.java:167)
at org.openqa.selenium.remote.service.DriverCommandExecutor.execute(DriverCommandExecutor.java:142)
at org.openqa.selenium.remote.RemoteWebDriver.execute(RemoteWebDriver.java:567)
at org.openqa.selenium.remote.ElementLocation$ElementFinder$2.findElement(ElementLocation.java:162)
at org.openqa.selenium.remote.ElementLocation.findElement(ElementLocation.java:60)
at org.openqa.selenium.remote.RemoteWebDriver.findElement(RemoteWebDriver.java:385)
at org.openqa.selenium.remote.RemoteWebDriver.findElement(RemoteWebDriver.java:377)
at org.openqa.selenium.support.pagefactory.DefaultElementLocator.findElement(DefaultElementLocator.java:70)
at org.openqa.selenium.support.pagefactory.internal.LocatingElementHandler.invoke(LocatingElementHandler.java:39)
at com.sun.proxy.$Proxy15.isDisplayed(Unknown Source)
at webqa.com.base.BaseTest.verifyIncompleteTaskPage(BaseTest.java:500)
at webqa.com.testCases.DashboardTest.verifyFirstCallCompletion(SalesDashboard.java:60)
at java.util.ArrayList.forEach(ArrayList.java:1259)
at webqa.ensurity.execution.Application.main(Application.java:36)
... Removed 28 stack frames]]>
    </failure>
  </testcase> <!-- verifyFirstCallCompletion -->
  <testcase name="verifyCreateQuotation" time="0.0" classname="webqa.com.testCases.DashboardTest">
    <ignored/>
  </testcase> <!-- verifyCreateQuotation -->
  <testcase name="verifyCrmLogin" time="0.0" classname="webqa.com.testCases.DashboardTest">
    <ignored/>
  </testcase> <!-- verifyCrmLogin -->
</testsuite> <!-- Web-Automation -->
