<?xml version="1.0" encoding="UTF-8"?>
<!-- Generated by org.testng.reporters.JUnitXMLReporter -->
<testsuite hostname="Munna-Yadavs-MacBook-Pro.local" ignored="20" name="Web-Automation" tests="2" failures="0" timestamp="2021-06-28T15:41:37 IST" time="491.567" errors="0">
  <testcase name="verify4wRolloverPolicyPurchageWithDigitBeforeJuly2018" time="215.83" classname="webqa.ensurity.testCases.FourWheeler"/>
  <testcase name="verify4wRolloverPolicyPurchageWithDigitBeforeJuly2018" time="262.87" classname="webqa.ensurity.testCases.FourWheeler"/>
  <testcase name="verify4wRolloverPolicyPurchageWithTataAig" time="0.0" classname="webqa.ensurity.testCases.FourWheeler">
    <ignored/>
  </testcase> <!-- verify4wRolloverPolicyPurchageWithTataAig -->
  <testcase name="verify4wRolloverPolicyPurchageWithFuture" time="0.0" classname="webqa.ensurity.testCases.FourWheeler">
    <ignored/>
  </testcase> <!-- verify4wRolloverPolicyPurchageWithFuture -->
  <testcase name="verify4wBreakInPolicyPurchageWithReliance" time="0.0" classname="webqa.ensurity.testCases.FourWheeler">
    <ignored/>
  </testcase> <!-- verify4wBreakInPolicyPurchageWithReliance -->
  <testcase name="verify4wBreakInPolicyPurchageWithHdfcErgo" time="0.0" classname="webqa.ensurity.testCases.FourWheeler">
    <ignored/>
  </testcase> <!-- verify4wBreakInPolicyPurchageWithHdfcErgo -->
  <testcase name="verify4wRolloverPolicyPurchageWithAddonsForDigit" time="0.0" classname="webqa.ensurity.testCases.FourWheeler">
    <ignored/>
  </testcase> <!-- verify4wRolloverPolicyPurchageWithAddonsForDigit -->
  <testcase name="verify4wRolloverPolicyPurchageWithAddonsForICICI" time="0.0" classname="webqa.ensurity.testCases.FourWheeler">
    <ignored/>
  </testcase> <!-- verify4wRolloverPolicyPurchageWithAddonsForICICI -->
  <testcase name="verify4wRolloverPolicyPurchageWithIcici" time="0.0" classname="webqa.ensurity.testCases.FourWheeler">
    <ignored/>
  </testcase> <!-- verify4wRolloverPolicyPurchageWithIcici -->
  <testcase name="verify4wRolloverPolicyPurchageWithAddonsForReliance" time="0.0" classname="webqa.ensurity.testCases.FourWheeler">
    <ignored/>
  </testcase> <!-- verify4wRolloverPolicyPurchageWithAddonsForReliance -->
  <testcase name="verify4wRolloverPolicyPurchageWithAddonsForTATA" time="0.0" classname="webqa.ensurity.testCases.FourWheeler">
    <ignored/>
  </testcase> <!-- verify4wRolloverPolicyPurchageWithAddonsForTATA -->
  <testcase name="verify4wNewVehiclePolicyPurchageWithHdfcErgo" time="0.0" classname="webqa.ensurity.testCases.FourWheeler">
    <ignored/>
  </testcase> <!-- verify4wNewVehiclePolicyPurchageWithHdfcErgo -->
  <testcase name="verify4wRolloverPolicyPurchageWithDigit" time="0.0" classname="webqa.ensurity.testCases.FourWheeler">
    <ignored/>
  </testcase> <!-- verify4wRolloverPolicyPurchageWithDigit -->
  <testcase name="verify4wRolloverPolicyPurchagewithAddonsForHdfc_Ergo" time="0.0" classname="webqa.ensurity.testCases.FourWheeler">
    <ignored/>
  </testcase> <!-- verify4wRolloverPolicyPurchagewithAddonsForHdfc_Ergo -->
  <testcase name="verify4wRolloverPolicyPurchageWithBajaj" time="0.0" classname="webqa.ensurity.testCases.FourWheeler">
    <ignored/>
  </testcase> <!-- verify4wRolloverPolicyPurchageWithBajaj -->
  <testcase name="verify4wBreakInPolicyPurchageWithIcici" time="0.0" classname="webqa.ensurity.testCases.FourWheeler">
    <ignored/>
  </testcase> <!-- verify4wBreakInPolicyPurchageWithIcici -->
  <testcase name="verify4wRolloverPolicyPurchageWithFutureBeforeJuly2018" time="0.0" classname="webqa.ensurity.testCases.FourWheeler">
    <ignored/>
  </testcase> <!-- verify4wRolloverPolicyPurchageWithFutureBeforeJuly2018 -->
  <testcase name="verify4wRolloverPolicyPurchageWithHdfcErgo" time="0.0" classname="webqa.ensurity.testCases.FourWheeler">
    <ignored/>
  </testcase> <!-- verify4wRolloverPolicyPurchageWithHdfcErgo -->
  <testcase name="verify4wRolloverPolicyPurchageWithReliance" time="0.0" classname="webqa.ensurity.testCases.FourWheeler">
    <ignored/>
  </testcase> <!-- verify4wRolloverPolicyPurchageWithReliance -->
  <testcase name="verify4wBreakInPolicyPurchageWithBajaj" time="0.0" classname="webqa.ensurity.testCases.FourWheeler">
    <ignored/>
  </testcase> <!-- verify4wBreakInPolicyPurchageWithBajaj -->
  <testcase name="verify4wRolloverPolicyPurchageWithAddonsForBajaj" time="0.0" classname="webqa.ensurity.testCases.FourWheeler">
    <ignored/>
  </testcase> <!-- verify4wRolloverPolicyPurchageWithAddonsForBajaj -->
  <testcase name="verify4wBreakinPolicyPurchageWithDigit" time="0.0" classname="webqa.ensurity.testCases.FourWheeler">
    <ignored/>
  </testcase> <!-- verify4wBreakinPolicyPurchageWithDigit -->
</testsuite> <!-- Web-Automation -->
