<?xml version="1.0" encoding="UTF-8"?>
<testng-results skipped="0" failed="2" ignored="2" total="4" passed="0">
  <reporter-output>
  </reporter-output>
  <suite name="Regression Suite" duration-ms="333999" started-at="2021-07-15T01:42:59 IST" finished-at="2021-07-15T01:48:33 IST">
    <groups>
      <group name="regression">
        <method signature="TwoWheelerTATA_AIG.verify2wRolloverPolicyPurchageWithTataAig(java.lang.String)[pri:1, instance:webqa.ensurity.testCases.TwoWheelerTATA_AIG@c038203]" name="verify2wRolloverPolicyPurchageWithTataAig" class="webqa.ensurity.testCases.TwoWheelerTATA_AIG"/>
      </group> <!-- regression -->
    </groups>
    <test name="Web-Automation" duration-ms="333999" started-at="2021-07-15T01:42:59 IST" finished-at="2021-07-15T01:48:33 IST">
      <class name="webqa.ensurity.testCases.TwoWheelerTATA_AIG">
        <test-method status="PASS" signature="setup(java.lang.String)[pri:0, instance:webqa.ensurity.testCases.TwoWheelerTATA_AIG@c038203]" name="setup" is-config="true" duration-ms="6725" started-at="2021-07-15T01:42:59 IST" finished-at="2021-07-15T01:43:05 IST">
          <params>
            <param index="0">
              <value>
                <![CDATA[chrome]]>
              </value>
            </param>
          </params>
          <reporter-output>
          </reporter-output>
        </test-method> <!-- setup -->
        <test-method status="FAIL" signature="verify2wRolloverPolicyPurchageWithTataAig(java.lang.String)[pri:1, instance:webqa.ensurity.testCases.TwoWheelerTATA_AIG@c038203]" name="verify2wRolloverPolicyPurchageWithTataAig" duration-ms="163693" started-at="2021-07-15T01:43:05 IST" data-provider="polType" finished-at="2021-07-15T01:45:49 IST">
          <params>
            <param index="0">
              <value>
                <![CDATA[1yrCp]]>
              </value>
            </param>
          </params>
          <exception class="org.openqa.selenium.TimeoutException">
            <message>
              <![CDATA[Expected condition failed: waiting for visibility of Proxy element for: DefaultElementLocator 'By.xpath: //span[text()='View Details']' (tried for 120 second(s) with 500 milliseconds interval)]]>
            </message>
            <full-stacktrace>
              <![CDATA[org.openqa.selenium.TimeoutException: Expected condition failed: waiting for visibility of Proxy element for: DefaultElementLocator 'By.xpath: //span[text()='View Details']' (tried for 120 second(s) with 500 milliseconds interval)
at org.openqa.selenium.support.ui.WebDriverWait.timeoutException(WebDriverWait.java:95)
at org.openqa.selenium.support.ui.FluentWait.until(FluentWait.java:272)
at webqa.ensurity.base.BaseTest.waitElement(BaseTest.java:138)
at webqa.ensurity.base.BaseTest.isPlanPageDisplayed(BaseTest.java:995)
at webqa.ensurity.testCases.TwoWheelerTATA_AIG.verify2wRolloverPolicyPurchageWithTataAig(TwoWheelerTATA_AIG.java:90)
at sun.reflect.NativeMethodAccessorImpl.invoke0(Native Method)
at sun.reflect.NativeMethodAccessorImpl.invoke(NativeMethodAccessorImpl.java:62)
at sun.reflect.DelegatingMethodAccessorImpl.invoke(DelegatingMethodAccessorImpl.java:43)
at java.lang.reflect.Method.invoke(Method.java:498)
at org.testng.internal.MethodInvocationHelper.invokeMethod(MethodInvocationHelper.java:134)
at org.testng.internal.TestInvoker.invokeMethod(TestInvoker.java:597)
at org.testng.internal.TestInvoker.invokeTestMethod(TestInvoker.java:173)
at org.testng.internal.MethodRunner.runInSequence(MethodRunner.java:46)
at org.testng.internal.TestInvoker$MethodInvocationAgent.invoke(TestInvoker.java:816)
at org.testng.internal.TestInvoker.invokeTestMethods(TestInvoker.java:146)
at org.testng.internal.TestMethodWorker.invokeTestMethods(TestMethodWorker.java:146)
at org.testng.internal.TestMethodWorker.run(TestMethodWorker.java:128)
at java.util.ArrayList.forEach(ArrayList.java:1259)
at org.testng.TestRunner.privateRun(TestRunner.java:766)
at org.testng.TestRunner.run(TestRunner.java:587)
at org.testng.SuiteRunner.runTest(SuiteRunner.java:384)
at org.testng.SuiteRunner.runSequentially(SuiteRunner.java:378)
at org.testng.SuiteRunner.privateRun(SuiteRunner.java:337)
at org.testng.SuiteRunner.run(SuiteRunner.java:286)
at org.testng.SuiteRunnerWorker.runSuite(SuiteRunnerWorker.java:53)
at org.testng.SuiteRunnerWorker.run(SuiteRunnerWorker.java:96)
at org.testng.TestNG.runSuitesSequentially(TestNG.java:1187)
at org.testng.TestNG.runSuitesLocally(TestNG.java:1109)
at org.testng.TestNG.runSuites(TestNG.java:1039)
at org.testng.TestNG.run(TestNG.java:1007)
at webqa.ensurity.execution.Application.main(Application.java:36)
Caused by: org.openqa.selenium.NoSuchElementException: no such element: Unable to locate element: {"method":"xpath","selector":"//span[text()='View Details']"}
  (Session info: chrome=91.0.4472.114)
For documentation on this error, please visit: https://www.seleniumhq.org/exceptions/no_such_element.html
Build info: version: '3.141.59', revision: 'e82be7d358', time: '2018-11-14T08:17:03'
System info: host: 'Munna-Yadavs-MacBook-Pro.local', ip: '2402:e280:2160:1f0:e1b1:75c1:b738:ff2c%en0', os.name: 'Mac OS X', os.arch: 'x86_64', os.version: '10.16', java.version: '1.8.0_271'
Driver info: org.openqa.selenium.chrome.ChromeDriver
Capabilities {acceptInsecureCerts: false, browserName: chrome, browserVersion: 91.0.4472.114, chrome: {chromedriverVersion: 90.0.4430.24 (4c6d850f087da..., userDataDir: /var/folders/7v/p8vklgj97_g...}, goog:chromeOptions: {debuggerAddress: localhost:64518}, javascriptEnabled: true, networkConnectionEnabled: false, pageLoadStrategy: normal, platform: MAC, platformName: MAC, proxy: Proxy(), setWindowRect: true, strictFileInteractability: false, timeouts: {implicit: 0, pageLoad: 300000, script: 30000}, unhandledPromptBehavior: dismiss and notify, webauthn:extension:largeBlob: true, webauthn:virtualAuthenticators: true}
Session ID: 9e2d0d3f06023e90f900cde329d2af44
*** Element info: {Using=xpath, value=//span[text()='View Details']}
at sun.reflect.GeneratedConstructorAccessor14.newInstance(Unknown Source)
at sun.reflect.DelegatingConstructorAccessorImpl.newInstance(DelegatingConstructorAccessorImpl.java:45)
at java.lang.reflect.Constructor.newInstance(Constructor.java:423)
at org.openqa.selenium.remote.http.W3CHttpResponseCodec.createException(W3CHttpResponseCodec.java:187)
at org.openqa.selenium.remote.http.W3CHttpResponseCodec.decode(W3CHttpResponseCodec.java:122)
at org.openqa.selenium.remote.http.W3CHttpResponseCodec.decode(W3CHttpResponseCodec.java:49)
at org.openqa.selenium.remote.HttpCommandExecutor.execute(HttpCommandExecutor.java:158)
at org.openqa.selenium.remote.service.DriverCommandExecutor.execute(DriverCommandExecutor.java:83)
at org.openqa.selenium.remote.RemoteWebDriver.execute(RemoteWebDriver.java:552)
at org.openqa.selenium.remote.RemoteWebDriver.findElement(RemoteWebDriver.java:323)
at org.openqa.selenium.remote.RemoteWebDriver.findElementByXPath(RemoteWebDriver.java:428)
at org.openqa.selenium.By$ByXPath.findElement(By.java:353)
at org.openqa.selenium.remote.RemoteWebDriver.findElement(RemoteWebDriver.java:315)
at org.openqa.selenium.support.pagefactory.DefaultElementLocator.findElement(DefaultElementLocator.java:69)
at org.openqa.selenium.support.pagefactory.internal.LocatingElementHandler.invoke(LocatingElementHandler.java:38)
at com.sun.proxy.$Proxy10.isDisplayed(Unknown Source)
at org.openqa.selenium.support.ui.ExpectedConditions.elementIfVisible(ExpectedConditions.java:314)
at org.openqa.selenium.support.ui.ExpectedConditions.access$000(ExpectedConditions.java:43)
at org.openqa.selenium.support.ui.ExpectedConditions$10.apply(ExpectedConditions.java:300)
at org.openqa.selenium.support.ui.ExpectedConditions$10.apply(ExpectedConditions.java:297)
at org.openqa.selenium.support.ui.FluentWait.until(FluentWait.java:249)
... 29 more
]]>
            </full-stacktrace>
          </exception> <!-- org.openqa.selenium.TimeoutException -->
          <reporter-output>
          </reporter-output>
        </test-method> <!-- verify2wRolloverPolicyPurchageWithTataAig -->
        <test-method status="PASS" signature="extentReportsFailOperation(org.testng.ITestResult)[pri:0, instance:webqa.ensurity.testCases.TwoWheelerTATA_AIG@c038203]" name="extentReportsFailOperation" is-config="true" duration-ms="334" started-at="2021-07-15T01:45:49 IST" finished-at="2021-07-15T01:45:50 IST">
          <params>
            <param index="0">
              <value>
                <![CDATA[[TestResult name=verify2wRolloverPolicyPurchageWithTataAig status=FAILURE method=TwoWheelerTATA_AIG.verify2wRolloverPolicyPurchageWithTataAig(java.lang.String)[pri:1, instance:webqa.ensurity.testCases.TwoWheelerTATA_AIG@c038203] output={null}]]]>
              </value>
            </param>
          </params>
          <reporter-output>
          </reporter-output>
        </test-method> <!-- extentReportsFailOperation -->
        <test-method status="PASS" signature="tearDown()[pri:0, instance:webqa.ensurity.testCases.TwoWheelerTATA_AIG@c038203]" name="tearDown" is-config="true" duration-ms="119" started-at="2021-07-15T01:45:50 IST" finished-at="2021-07-15T01:45:50 IST">
          <reporter-output>
          </reporter-output>
        </test-method> <!-- tearDown -->
        <test-method status="PASS" signature="setup(java.lang.String)[pri:0, instance:webqa.ensurity.testCases.TwoWheelerTATA_AIG@c038203]" name="setup" is-config="true" duration-ms="5011" started-at="2021-07-15T01:45:50 IST" finished-at="2021-07-15T01:45:55 IST">
          <params>
            <param index="0">
              <value>
                <![CDATA[chrome]]>
              </value>
            </param>
          </params>
          <reporter-output>
          </reporter-output>
        </test-method> <!-- setup -->
        <test-method status="FAIL" signature="verify2wRolloverPolicyPurchageWithTataAig(java.lang.String)[pri:1, instance:webqa.ensurity.testCases.TwoWheelerTATA_AIG@c038203]" name="verify2wRolloverPolicyPurchageWithTataAig" duration-ms="157527" started-at="2021-07-15T01:45:55 IST" data-provider="polType" finished-at="2021-07-15T01:48:32 IST">
          <params>
            <param index="0">
              <value>
                <![CDATA[1yrTP]]>
              </value>
            </param>
          </params>
          <exception class="org.openqa.selenium.TimeoutException">
            <message>
              <![CDATA[Expected condition failed: waiting for visibility of Proxy element for: DefaultElementLocator 'By.xpath: //span[text()='View Details']' (tried for 120 second(s) with 500 milliseconds interval)]]>
            </message>
            <full-stacktrace>
              <![CDATA[org.openqa.selenium.TimeoutException: Expected condition failed: waiting for visibility of Proxy element for: DefaultElementLocator 'By.xpath: //span[text()='View Details']' (tried for 120 second(s) with 500 milliseconds interval)
at org.openqa.selenium.support.ui.WebDriverWait.timeoutException(WebDriverWait.java:95)
at org.openqa.selenium.support.ui.FluentWait.until(FluentWait.java:272)
at webqa.ensurity.base.BaseTest.waitElement(BaseTest.java:138)
at webqa.ensurity.base.BaseTest.isPlanPageDisplayed(BaseTest.java:995)
at webqa.ensurity.testCases.TwoWheelerTATA_AIG.verify2wRolloverPolicyPurchageWithTataAig(TwoWheelerTATA_AIG.java:90)
at sun.reflect.NativeMethodAccessorImpl.invoke0(Native Method)
at sun.reflect.NativeMethodAccessorImpl.invoke(NativeMethodAccessorImpl.java:62)
at sun.reflect.DelegatingMethodAccessorImpl.invoke(DelegatingMethodAccessorImpl.java:43)
at java.lang.reflect.Method.invoke(Method.java:498)
at org.testng.internal.MethodInvocationHelper.invokeMethod(MethodInvocationHelper.java:134)
at org.testng.internal.TestInvoker.invokeMethod(TestInvoker.java:597)
at org.testng.internal.TestInvoker.invokeTestMethod(TestInvoker.java:173)
at org.testng.internal.MethodRunner.runInSequence(MethodRunner.java:46)
at org.testng.internal.TestInvoker$MethodInvocationAgent.invoke(TestInvoker.java:816)
at org.testng.internal.TestInvoker.invokeTestMethods(TestInvoker.java:146)
at org.testng.internal.TestMethodWorker.invokeTestMethods(TestMethodWorker.java:146)
at org.testng.internal.TestMethodWorker.run(TestMethodWorker.java:128)
at java.util.ArrayList.forEach(ArrayList.java:1259)
at org.testng.TestRunner.privateRun(TestRunner.java:766)
at org.testng.TestRunner.run(TestRunner.java:587)
at org.testng.SuiteRunner.runTest(SuiteRunner.java:384)
at org.testng.SuiteRunner.runSequentially(SuiteRunner.java:378)
at org.testng.SuiteRunner.privateRun(SuiteRunner.java:337)
at org.testng.SuiteRunner.run(SuiteRunner.java:286)
at org.testng.SuiteRunnerWorker.runSuite(SuiteRunnerWorker.java:53)
at org.testng.SuiteRunnerWorker.run(SuiteRunnerWorker.java:96)
at org.testng.TestNG.runSuitesSequentially(TestNG.java:1187)
at org.testng.TestNG.runSuitesLocally(TestNG.java:1109)
at org.testng.TestNG.runSuites(TestNG.java:1039)
at org.testng.TestNG.run(TestNG.java:1007)
at webqa.ensurity.execution.Application.main(Application.java:36)
Caused by: org.openqa.selenium.NoSuchElementException: no such element: Unable to locate element: {"method":"xpath","selector":"//span[text()='View Details']"}
  (Session info: chrome=91.0.4472.114)
For documentation on this error, please visit: https://www.seleniumhq.org/exceptions/no_such_element.html
Build info: version: '3.141.59', revision: 'e82be7d358', time: '2018-11-14T08:17:03'
System info: host: 'Munna-Yadavs-MacBook-Pro.local', ip: '2402:e280:2160:1f0:e1b1:75c1:b738:ff2c%en0', os.name: 'Mac OS X', os.arch: 'x86_64', os.version: '10.16', java.version: '1.8.0_271'
Driver info: org.openqa.selenium.chrome.ChromeDriver
Capabilities {acceptInsecureCerts: false, browserName: chrome, browserVersion: 91.0.4472.114, chrome: {chromedriverVersion: 90.0.4430.24 (4c6d850f087da..., userDataDir: /var/folders/7v/p8vklgj97_g...}, goog:chromeOptions: {debuggerAddress: localhost:64620}, javascriptEnabled: true, networkConnectionEnabled: false, pageLoadStrategy: normal, platform: MAC, platformName: MAC, proxy: Proxy(), setWindowRect: true, strictFileInteractability: false, timeouts: {implicit: 0, pageLoad: 300000, script: 30000}, unhandledPromptBehavior: dismiss and notify, webauthn:extension:largeBlob: true, webauthn:virtualAuthenticators: true}
Session ID: 87c2b698ee3760732ab2ff0ede65231c
*** Element info: {Using=xpath, value=//span[text()='View Details']}
at sun.reflect.GeneratedConstructorAccessor14.newInstance(Unknown Source)
at sun.reflect.DelegatingConstructorAccessorImpl.newInstance(DelegatingConstructorAccessorImpl.java:45)
at java.lang.reflect.Constructor.newInstance(Constructor.java:423)
at org.openqa.selenium.remote.http.W3CHttpResponseCodec.createException(W3CHttpResponseCodec.java:187)
at org.openqa.selenium.remote.http.W3CHttpResponseCodec.decode(W3CHttpResponseCodec.java:122)
at org.openqa.selenium.remote.http.W3CHttpResponseCodec.decode(W3CHttpResponseCodec.java:49)
at org.openqa.selenium.remote.HttpCommandExecutor.execute(HttpCommandExecutor.java:158)
at org.openqa.selenium.remote.service.DriverCommandExecutor.execute(DriverCommandExecutor.java:83)
at org.openqa.selenium.remote.RemoteWebDriver.execute(RemoteWebDriver.java:552)
at org.openqa.selenium.remote.RemoteWebDriver.findElement(RemoteWebDriver.java:323)
at org.openqa.selenium.remote.RemoteWebDriver.findElementByXPath(RemoteWebDriver.java:428)
at org.openqa.selenium.By$ByXPath.findElement(By.java:353)
at org.openqa.selenium.remote.RemoteWebDriver.findElement(RemoteWebDriver.java:315)
at org.openqa.selenium.support.pagefactory.DefaultElementLocator.findElement(DefaultElementLocator.java:69)
at org.openqa.selenium.support.pagefactory.internal.LocatingElementHandler.invoke(LocatingElementHandler.java:38)
at com.sun.proxy.$Proxy10.isDisplayed(Unknown Source)
at org.openqa.selenium.support.ui.ExpectedConditions.elementIfVisible(ExpectedConditions.java:314)
at org.openqa.selenium.support.ui.ExpectedConditions.access$000(ExpectedConditions.java:43)
at org.openqa.selenium.support.ui.ExpectedConditions$10.apply(ExpectedConditions.java:300)
at org.openqa.selenium.support.ui.ExpectedConditions$10.apply(ExpectedConditions.java:297)
at org.openqa.selenium.support.ui.FluentWait.until(FluentWait.java:249)
... 29 more
]]>
            </full-stacktrace>
          </exception> <!-- org.openqa.selenium.TimeoutException -->
          <reporter-output>
          </reporter-output>
        </test-method> <!-- verify2wRolloverPolicyPurchageWithTataAig -->
        <test-method status="PASS" signature="extentReportsFailOperation(org.testng.ITestResult)[pri:0, instance:webqa.ensurity.testCases.TwoWheelerTATA_AIG@c038203]" name="extentReportsFailOperation" is-config="true" duration-ms="274" started-at="2021-07-15T01:48:32 IST" finished-at="2021-07-15T01:48:33 IST">
          <params>
            <param index="0">
              <value>
                <![CDATA[[TestResult name=verify2wRolloverPolicyPurchageWithTataAig status=FAILURE method=TwoWheelerTATA_AIG.verify2wRolloverPolicyPurchageWithTataAig(java.lang.String)[pri:1, instance:webqa.ensurity.testCases.TwoWheelerTATA_AIG@c038203] output={null}]]]>
              </value>
            </param>
          </params>
          <reporter-output>
          </reporter-output>
        </test-method> <!-- extentReportsFailOperation -->
        <test-method status="PASS" signature="tearDown()[pri:0, instance:webqa.ensurity.testCases.TwoWheelerTATA_AIG@c038203]" name="tearDown" is-config="true" duration-ms="122" started-at="2021-07-15T01:48:33 IST" finished-at="2021-07-15T01:48:33 IST">
          <reporter-output>
          </reporter-output>
        </test-method> <!-- tearDown -->
      </class> <!-- webqa.ensurity.testCases.TwoWheelerTATA_AIG -->
    </test> <!-- Web-Automation -->
  </suite> <!-- Regression Suite -->
</testng-results>
